<?xml version="1.0" encoding="UTF-8"?>
<!-- Generated by org.testng.reporters.JUnitReportReporter -->
<testsuite hostname="ShamuRohith" failures="0" tests="1" name="com.qa.testcases.ClickTest" time="6.893" errors="0" timestamp="2023-08-03T12:50:50 BST" skipped="0">
  <testcase classname="com.qa.testcases.ClickTest" name="verifyLabelText" time="6.893"/>
</testsuite> <!-- com.qa.testcases.ClickTest -->
